生成启动时间为 1/10/2014 1:48:06 PM。
     1>项目“\\vmware-host\Shared Folders\Documents\MemriseWordlist\MemriseWordlist\MemriseWordlist.vcxproj”在节点 2 上(build 个目标)。
     1>InitializeBuildStatus:
         正在对“Debug\MemriseWordlist.unsuccessfulbuild”执行 Touch 任务。
       ClCompile:
         C:\Program Files\Microsoft Visual Studio 10.0\VC\bin\CL.exe /c /I"\\vmware-host\Shared Folders\Documents\MemriseWordlist\libxml2\include" /I"\\vmware-host\Shared Folders\Documents\MemriseWordlist\curl\include" /ZI /nologo /W3 /WX- /Od /Oy- /D WIN32 /D _DEBUG /D _CONSOLE /D _UNICODE /D UNICODE /Gm /EHsc /RTC1 /MDd /GS /fp:precise /Zc:wchar_t /Zc:forScope /Fo"Debug\\" /Fd"Debug\vc100.pdb" /Gd /TP /analyze- /errorReport:prompt CambridgeDictionary.cpp main.cpp
         main.cpp
     1>\\vmware-host\shared folders\documents\memrisewordlist\libxml2\include\libxml\xmlstring.h(40): error C2146: 语法错误: 缺少“;”(在标识符“xmlChar”的前面)
     1>\\vmware-host\shared folders\documents\memrisewordlist\libxml2\include\libxml\xmlstring.h(40): error C4430: 缺少类型说明符 - 假定为 int。注意: C++ 不支持默认 int
     1>\\vmware-host\shared folders\documents\memrisewordlist\libxml2\include\libxml\xmlstring.h(41): error C2146: 语法错误: 缺少“;”(在标识符“xmlStrdup”的前面)
     1>\\vmware-host\shared folders\documents\memrisewordlist\libxml2\include\libxml\xmlstring.h(41): error C4430: 缺少类型说明符 - 假定为 int。注意: C++ 不支持默认 int
     1>\\vmware-host\shared folders\documents\memrisewordlist\libxml2\include\libxml\xmlstring.h(42): error C2146: 语法错误: 缺少“;”(在标识符“xmlChar”的前面)
     1>\\vmware-host\shared folders\documents\memrisewordlist\libxml2\include\libxml\xmlstring.h(42): error C4430: 缺少类型说明符 - 假定为 int。注意: C++ 不支持默认 int
     1>\\vmware-host\shared folders\documents\memrisewordlist\libxml2\include\libxml\xmlstring.h(42): error C2086: “int XMLPUBFUN”: 重定义
                 \\vmware-host\shared folders\documents\memrisewordlist\libxml2\include\libxml\xmlstring.h(40) : 参见“XMLPUBFUN”的声明
     1>\\vmware-host\shared folders\documents\memrisewordlist\libxml2\include\libxml\xmlstring.h(43): error C2146: 语法错误: 缺少“;”(在标识符“xmlStrndup”的前面)
     1>\\vmware-host\shared folders\documents\memrisewordlist\libxml2\include\libxml\xmlstring.h(43): error C2086: “xmlChar *XMLCALL”: 重定义
                 \\vmware-host\shared folders\documents\memrisewordlist\libxml2\include\libxml\xmlstring.h(41) : 参见“XMLCALL”的声明
     1>\\vmware-host\shared folders\documents\memrisewordlist\libxml2\include\libxml\xmlstring.h(44): error C4430: 缺少类型说明符 - 假定为 int。注意: C++ 不支持默认 int
     1>\\vmware-host\shared folders\documents\memrisewordlist\libxml2\include\libxml\xmlstring.h(45): error C2146: 语法错误: 缺少“;”(在标识符“xmlChar”的前面)
     1>\\vmware-host\shared folders\documents\memrisewordlist\libxml2\include\libxml\xmlstring.h(45): error C4430: 缺少类型说明符 - 假定为 int。注意: C++ 不支持默认 int
     1>\\vmware-host\shared folders\documents\memrisewordlist\libxml2\include\libxml\xmlstring.h(45): error C2086: “int XMLPUBFUN”: 重定义
                 \\vmware-host\shared folders\documents\memrisewordlist\libxml2\include\libxml\xmlstring.h(40) : 参见“XMLPUBFUN”的声明
     1>\\vmware-host\shared folders\documents\memrisewordlist\libxml2\include\libxml\xmlstring.h(46): error C2146: 语法错误: 缺少“;”(在标识符“xmlCharStrndup”的前面)
     1>\\vmware-host\shared folders\documents\memrisewordlist\libxml2\include\libxml\xmlstring.h(46): error C2086: “xmlChar *XMLCALL”: 重定义
                 \\vmware-host\shared folders\documents\memrisewordlist\libxml2\include\libxml\xmlstring.h(41) : 参见“XMLCALL”的声明
     1>\\vmware-host\shared folders\documents\memrisewordlist\libxml2\include\libxml\xmlstring.h(47): error C4430: 缺少类型说明符 - 假定为 int。注意: C++ 不支持默认 int
     1>\\vmware-host\shared folders\documents\memrisewordlist\libxml2\include\libxml\xmlstring.h(48): error C2146: 语法错误: 缺少“;”(在标识符“xmlChar”的前面)
     1>\\vmware-host\shared folders\documents\memrisewordlist\libxml2\include\libxml\xmlstring.h(48): error C4430: 缺少类型说明符 - 假定为 int。注意: C++ 不支持默认 int
     1>\\vmware-host\shared folders\documents\memrisewordlist\libxml2\include\libxml\xmlstring.h(48): error C2086: “int XMLPUBFUN”: 重定义
                 \\vmware-host\shared folders\documents\memrisewordlist\libxml2\include\libxml\xmlstring.h(40) : 参见“XMLPUBFUN”的声明
     1>\\vmware-host\shared folders\documents\memrisewordlist\libxml2\include\libxml\xmlstring.h(49): error C2146: 语法错误: 缺少“;”(在标识符“xmlCharStrdup”的前面)
     1>\\vmware-host\shared folders\documents\memrisewordlist\libxml2\include\libxml\xmlstring.h(49): error C2086: “xmlChar *XMLCALL”: 重定义
                 \\vmware-host\shared folders\documents\memrisewordlist\libxml2\include\libxml\xmlstring.h(41) : 参见“XMLCALL”的声明
     1>\\vmware-host\shared folders\documents\memrisewordlist\libxml2\include\libxml\xmlstring.h(49): error C4430: 缺少类型说明符 - 假定为 int。注意: C++ 不支持默认 int
     1>\\vmware-host\shared folders\documents\memrisewordlist\libxml2\include\libxml\xmlstring.h(50): error C2146: 语法错误: 缺少“;”(在标识符“xmlChar”的前面)
     1>\\vmware-host\shared folders\documents\memrisewordlist\libxml2\include\libxml\xmlstring.h(50): error C4430: 缺少类型说明符 - 假定为 int。注意: C++ 不支持默认 int
     1>\\vmware-host\shared folders\documents\memrisewordlist\libxml2\include\libxml\xmlstring.h(50): error C2086: “int XMLPUBFUN”: 重定义
                 \\vmware-host\shared folders\documents\memrisewordlist\libxml2\include\libxml\xmlstring.h(40) : 参见“XMLPUBFUN”的声明
     1>\\vmware-host\shared folders\documents\memrisewordlist\libxml2\include\libxml\xmlstring.h(51): error C2146: 语法错误: 缺少“;”(在标识符“xmlStrsub”的前面)
     1>\\vmware-host\shared folders\documents\memrisewordlist\libxml2\include\libxml\xmlstring.h(51): error C2086: “xmlChar *XMLCALL”: 重定义
                 \\vmware-host\shared folders\documents\memrisewordlist\libxml2\include\libxml\xmlstring.h(41) : 参见“XMLCALL”的声明
     1>\\vmware-host\shared folders\documents\memrisewordlist\libxml2\include\libxml\xmlstring.h(53): error C4430: 缺少类型说明符 - 假定为 int。注意: C++ 不支持默认 int
     1>\\vmware-host\shared folders\documents\memrisewordlist\libxml2\include\libxml\xmlstring.h(54): error C2143: 语法错误 : 缺少“;”(在“const”的前面)
     1>\\vmware-host\shared folders\documents\memrisewordlist\libxml2\include\libxml\xmlstring.h(54): error C4430: 缺少类型说明符 - 假定为 int。注意: C++ 不支持默认 int
     1>\\vmware-host\shared folders\documents\memrisewordlist\libxml2\include\libxml\xmlstring.h(54): error C2086: “int XMLPUBFUN”: 重定义
                 \\vmware-host\shared folders\documents\memrisewordlist\libxml2\include\libxml\xmlstring.h(40) : 参见“XMLPUBFUN”的声明
     1>\\vmware-host\shared folders\documents\memrisewordlist\libxml2\include\libxml\xmlstring.h(55): error C2146: 语法错误: 缺少“;”(在标识符“xmlStrchr”的前面)
     1>\\vmware-host\shared folders\documents\memrisewordlist\libxml2\include\libxml\xmlstring.h(55): error C2373: “XMLCALL”: 重定义；不同的类型修饰符
                 \\vmware-host\shared folders\documents\memrisewordlist\libxml2\include\libxml\xmlstring.h(41) : 参见“XMLCALL”的声明
     1>\\vmware-host\shared folders\documents\memrisewordlist\libxml2\include\libxml\xmlstring.h(56): error C4430: 缺少类型说明符 - 假定为 int。注意: C++ 不支持默认 int
     1>\\vmware-host\shared folders\documents\memrisewordlist\libxml2\include\libxml\xmlstring.h(57): error C2143: 语法错误 : 缺少“;”(在“const”的前面)
     1>\\vmware-host\shared folders\documents\memrisewordlist\libxml2\include\libxml\xmlstring.h(57): error C4430: 缺少类型说明符 - 假定为 int。注意: C++ 不支持默认 int
     1>\\vmware-host\shared folders\documents\memrisewordlist\libxml2\include\libxml\xmlstring.h(57): error C2086: “int XMLPUBFUN”: 重定义
                 \\vmware-host\shared folders\documents\memrisewordlist\libxml2\include\libxml\xmlstring.h(40) : 参见“XMLPUBFUN”的声明
     1>\\vmware-host\shared folders\documents\memrisewordlist\libxml2\include\libxml\xmlstring.h(58): error C2146: 语法错误: 缺少“;”(在标识符“xmlStrstr”的前面)
     1>\\vmware-host\shared folders\documents\memrisewordlist\libxml2\include\libxml\xmlstring.h(58): error C2373: “XMLCALL”: 重定义；不同的类型修饰符
                 \\vmware-host\shared folders\documents\memrisewordlist\libxml2\include\libxml\xmlstring.h(41) : 参见“XMLCALL”的声明
     1>\\vmware-host\shared folders\documents\memrisewordlist\libxml2\include\libxml\xmlstring.h(59): error C4430: 缺少类型说明符 - 假定为 int。注意: C++ 不支持默认 int
     1>\\vmware-host\shared folders\documents\memrisewordlist\libxml2\include\libxml\xmlstring.h(60): error C2143: 语法错误 : 缺少“;”(在“const”的前面)
     1>\\vmware-host\shared folders\documents\memrisewordlist\libxml2\include\libxml\xmlstring.h(60): error C4430: 缺少类型说明符 - 假定为 int。注意: C++ 不支持默认 int
     1>\\vmware-host\shared folders\documents\memrisewordlist\libxml2\include\libxml\xmlstring.h(60): error C2086: “int XMLPUBFUN”: 重定义
                 \\vmware-host\shared folders\documents\memrisewordlist\libxml2\include\libxml\xmlstring.h(40) : 参见“XMLPUBFUN”的声明
     1>\\vmware-host\shared folders\documents\memrisewordlist\libxml2\include\libxml\xmlstring.h(61): error C2146: 语法错误: 缺少“;”(在标识符“xmlStrcasestr”的前面)
     1>\\vmware-host\shared folders\documents\memrisewordlist\libxml2\include\libxml\xmlstring.h(61): error C2373: “XMLCALL”: 重定义；不同的类型修饰符
                 \\vmware-host\shared folders\documents\memrisewordlist\libxml2\include\libxml\xmlstring.h(41) : 参见“XMLCALL”的声明
     1>\\vmware-host\shared folders\documents\memrisewordlist\libxml2\include\libxml\xmlstring.h(62): error C4430: 缺少类型说明符 - 假定为 int。注意: C++ 不支持默认 int
     1>\\vmware-host\shared folders\documents\memrisewordlist\libxml2\include\libxml\xmlstring.h(63): error C2144: 语法错误:“int”的前面应有“;”
     1>\\vmware-host\shared folders\documents\memrisewordlist\libxml2\include\libxml\xmlstring.h(63): error C4430: 缺少类型说明符 - 假定为 int。注意: C++ 不支持默认 int
     1>\\vmware-host\shared folders\documents\memrisewordlist\libxml2\include\libxml\xmlstring.h(63): error C2086: “int XMLPUBFUN”: 重定义
                 \\vmware-host\shared folders\documents\memrisewordlist\libxml2\include\libxml\xmlstring.h(40) : 参见“XMLPUBFUN”的声明
     1>\\vmware-host\shared folders\documents\memrisewordlist\libxml2\include\libxml\xmlstring.h(64): error C2146: 语法错误: 缺少“;”(在标识符“xmlStrcmp”的前面)
     1>\\vmware-host\shared folders\documents\memrisewordlist\libxml2\include\libxml\xmlstring.h(64): error C2040: “XMLCALL”:“int”与“xmlChar *”的间接寻址级别不同
     1>\\vmware-host\shared folders\documents\memrisewordlist\libxml2\include\libxml\xmlstring.h(65): error C4430: 缺少类型说明符 - 假定为 int。注意: C++ 不支持默认 int
     1>\\vmware-host\shared folders\documents\memrisewordlist\libxml2\include\libxml\xmlstring.h(66): error C2144: 语法错误:“int”的前面应有“;”
     1>\\vmware-host\shared folders\documents\memrisewordlist\libxml2\include\libxml\xmlstring.h(66): error C4430: 缺少类型说明符 - 假定为 int。注意: C++ 不支持默认 int
     1>\\vmware-host\shared folders\documents\memrisewordlist\libxml2\include\libxml\xmlstring.h(66): error C2086: “int XMLPUBFUN”: 重定义
                 \\vmware-host\shared folders\documents\memrisewordlist\libxml2\include\libxml\xmlstring.h(40) : 参见“XMLPUBFUN”的声明
     1>\\vmware-host\shared folders\documents\memrisewordlist\libxml2\include\libxml\xmlstring.h(67): error C2146: 语法错误: 缺少“;”(在标识符“xmlStrncmp”的前面)
     1>\\vmware-host\shared folders\documents\memrisewordlist\libxml2\include\libxml\xmlstring.h(67): error C2040: “XMLCALL”:“int”与“xmlChar *”的间接寻址级别不同
     1>\\vmware-host\shared folders\documents\memrisewordlist\libxml2\include\libxml\xmlstring.h(69): error C4430: 缺少类型说明符 - 假定为 int。注意: C++ 不支持默认 int
     1>\\vmware-host\shared folders\documents\memrisewordlist\libxml2\include\libxml\xmlstring.h(70): error C2144: 语法错误:“int”的前面应有“;”
     1>\\vmware-host\shared folders\documents\memrisewordlist\libxml2\include\libxml\xmlstring.h(70): error C4430: 缺少类型说明符 - 假定为 int。注意: C++ 不支持默认 int
     1>\\vmware-host\shared folders\documents\memrisewordlist\libxml2\include\libxml\xmlstring.h(70): error C2086: “int XMLPUBFUN”: 重定义
                 \\vmware-host\shared folders\documents\memrisewordlist\libxml2\include\libxml\xmlstring.h(40) : 参见“XMLPUBFUN”的声明
     1>\\vmware-host\shared folders\documents\memrisewordlist\libxml2\include\libxml\xmlstring.h(71): error C2146: 语法错误: 缺少“;”(在标识符“xmlStrcasecmp”的前面)
     1>\\vmware-host\shared folders\documents\memrisewordlist\libxml2\include\libxml\xmlstring.h(71): error C2040: “XMLCALL”:“int”与“xmlChar *”的间接寻址级别不同
     1>\\vmware-host\shared folders\documents\memrisewordlist\libxml2\include\libxml\xmlstring.h(72): error C4430: 缺少类型说明符 - 假定为 int。注意: C++ 不支持默认 int
     1>\\vmware-host\shared folders\documents\memrisewordlist\libxml2\include\libxml\xmlstring.h(73): error C2144: 语法错误:“int”的前面应有“;”
     1>\\vmware-host\shared folders\documents\memrisewordlist\libxml2\include\libxml\xmlstring.h(73): error C4430: 缺少类型说明符 - 假定为 int。注意: C++ 不支持默认 int
     1>\\vmware-host\shared folders\documents\memrisewordlist\libxml2\include\libxml\xmlstring.h(73): error C2086: “int XMLPUBFUN”: 重定义
                 \\vmware-host\shared folders\documents\memrisewordlist\libxml2\include\libxml\xmlstring.h(40) : 参见“XMLPUBFUN”的声明
     1>\\vmware-host\shared folders\documents\memrisewordlist\libxml2\include\libxml\xmlstring.h(74): error C2146: 语法错误: 缺少“;”(在标识符“xmlStrncasecmp”的前面)
     1>\\vmware-host\shared folders\documents\memrisewordlist\libxml2\include\libxml\xmlstring.h(74): error C2040: “XMLCALL”:“int”与“xmlChar *”的间接寻址级别不同
     1>\\vmware-host\shared folders\documents\memrisewordlist\libxml2\include\libxml\xmlstring.h(76): error C4430: 缺少类型说明符 - 假定为 int。注意: C++ 不支持默认 int
     1>\\vmware-host\shared folders\documents\memrisewordlist\libxml2\include\libxml\xmlstring.h(77): error C2144: 语法错误:“int”的前面应有“;”
     1>\\vmware-host\shared folders\documents\memrisewordlist\libxml2\include\libxml\xmlstring.h(77): error C4430: 缺少类型说明符 - 假定为 int。注意: C++ 不支持默认 int
     1>\\vmware-host\shared folders\documents\memrisewordlist\libxml2\include\libxml\xmlstring.h(77): error C2086: “int XMLPUBFUN”: 重定义
                 \\vmware-host\shared folders\documents\memrisewordlist\libxml2\include\libxml\xmlstring.h(40) : 参见“XMLPUBFUN”的声明
     1>\\vmware-host\shared folders\documents\memrisewordlist\libxml2\include\libxml\xmlstring.h(78): error C2146: 语法错误: 缺少“;”(在标识符“xmlStrEqual”的前面)
     1>\\vmware-host\shared folders\documents\memrisewordlist\libxml2\include\libxml\xmlstring.h(78): error C2040: “XMLCALL”:“int”与“xmlChar *”的间接寻址级别不同
     1>\\vmware-host\shared folders\documents\memrisewordlist\libxml2\include\libxml\xmlstring.h(79): error C4430: 缺少类型说明符 - 假定为 int。注意: C++ 不支持默认 int
     1>\\vmware-host\shared folders\documents\memrisewordlist\libxml2\include\libxml\xmlstring.h(80): error C2144: 语法错误:“int”的前面应有“;”
     1>\\vmware-host\shared folders\documents\memrisewordlist\libxml2\include\libxml\xmlstring.h(80): error C4430: 缺少类型说明符 - 假定为 int。注意: C++ 不支持默认 int
     1>\\vmware-host\shared folders\documents\memrisewordlist\libxml2\include\libxml\xmlstring.h(80): error C2086: “int XMLPUBFUN”: 重定义
                 \\vmware-host\shared folders\documents\memrisewordlist\libxml2\include\libxml\xmlstring.h(40) : 参见“XMLPUBFUN”的声明
     1>\\vmware-host\shared folders\documents\memrisewordlist\libxml2\include\libxml\xmlstring.h(81): error C2146: 语法错误: 缺少“;”(在标识符“xmlStrQEqual”的前面)
     1>\\vmware-host\shared folders\documents\memrisewordlist\libxml2\include\libxml\xmlstring.h(81): error C2040: “XMLCALL”:“int”与“xmlChar *”的间接寻址级别不同
     1>\\vmware-host\shared folders\documents\memrisewordlist\libxml2\include\libxml\xmlstring.h(83): error C4430: 缺少类型说明符 - 假定为 int。注意: C++ 不支持默认 int
     1>\\vmware-host\shared folders\documents\memrisewordlist\libxml2\include\libxml\xmlstring.h(84): error C2144: 语法错误:“int”的前面应有“;”
     1>\\vmware-host\shared folders\documents\memrisewordlist\libxml2\include\libxml\xmlstring.h(84): error C4430: 缺少类型说明符 - 假定为 int。注意: C++ 不支持默认 int
     1>\\vmware-host\shared folders\documents\memrisewordlist\libxml2\include\libxml\xmlstring.h(84): error C2086: “int XMLPUBFUN”: 重定义
                 \\vmware-host\shared folders\documents\memrisewordlist\libxml2\include\libxml\xmlstring.h(40) : 参见“XMLPUBFUN”的声明
     1>\\vmware-host\shared folders\documents\memrisewordlist\libxml2\include\libxml\xmlstring.h(85): error C2146: 语法错误: 缺少“;”(在标识符“xmlStrlen”的前面)
     1>\\vmware-host\shared folders\documents\memrisewordlist\libxml2\include\libxml\xmlstring.h(85): error C2040: “XMLCALL”:“int”与“xmlChar *”的间接寻址级别不同
     1>\\vmware-host\shared folders\documents\memrisewordlist\libxml2\include\libxml\xmlstring.h(85): error C4430: 缺少类型说明符 - 假定为 int。注意: C++ 不支持默认 int
     1>\\vmware-host\shared folders\documents\memrisewordlist\libxml2\include\libxml\xmlstring.h(86): error C2146: 语法错误: 缺少“;”(在标识符“xmlChar”的前面)
     1>\\vmware-host\shared folders\documents\memrisewordlist\libxml2\include\libxml\xmlstring.h(86): error C4430: 缺少类型说明符 - 假定为 int。注意: C++ 不支持默认 int
     1>\\vmware-host\shared folders\documents\memrisewordlist\libxml2\include\libxml\xmlstring.h(86): error C2086: “int XMLPUBFUN”: 重定义
                 \\vmware-host\shared folders\documents\memrisewordlist\libxml2\include\libxml\xmlstring.h(40) : 参见“XMLPUBFUN”的声明
     1>\\vmware-host\shared folders\documents\memrisewordlist\libxml2\include\libxml\xmlstring.h(87): error C2146: 语法错误: 缺少“;”(在标识符“xmlStrcat”的前面)
     1>\\vmware-host\shared folders\documents\memrisewordlist\libxml2\include\libxml\xmlstring.h(87): error C2086: “xmlChar *XMLCALL”: 重定义
                 \\vmware-host\shared folders\documents\memrisewordlist\libxml2\include\libxml\xmlstring.h(41) : 参见“XMLCALL”的声明
     1>\\vmware-host\shared folders\documents\memrisewordlist\libxml2\include\libxml\xmlstring.h(88): error C4430: 缺少类型说明符 - 假定为 int。注意: C++ 不支持默认 int
     1>\\vmware-host\shared folders\documents\memrisewordlist\libxml2\include\libxml\xmlstring.h(89): error C2146: 语法错误: 缺少“;”(在标识符“xmlChar”的前面)
     1>\\vmware-host\shared folders\documents\memrisewordlist\libxml2\include\libxml\xmlstring.h(89): error C4430: 缺少类型说明符 - 假定为 int。注意: C++ 不支持默认 int
     1>\\vmware-host\shared folders\documents\memrisewordlist\libxml2\include\libxml\xmlstring.h(89): error C2086: “int XMLPUBFUN”: 重定义
                 \\vmware-host\shared folders\documents\memrisewordlist\libxml2\include\libxml\xmlstring.h(40) : 参见“XMLPUBFUN”的声明
     1>\\vmware-host\shared folders\documents\memrisewordlist\libxml2\include\libxml\xmlstring.h(90): error C2146: 语法错误: 缺少“;”(在标识符“xmlStrncat”的前面)
     1>\\vmware-host\shared folders\documents\memrisewordlist\libxml2\include\libxml\xmlstring.h(90): error C2086: “xmlChar *XMLCALL”: 重定义
                 \\vmware-host\shared folders\documents\memrisewordlist\libxml2\include\libxml\xmlstring.h(41) : 参见“XMLCALL”的声明
     1>\\vmware-host\shared folders\documents\memrisewordlist\libxml2\include\libxml\xmlstring.h(92): error C4430: 缺少类型说明符 - 假定为 int。注意: C++ 不支持默认 int
     1>\\vmware-host\shared folders\documents\memrisewordlist\libxml2\include\libxml\xmlstring.h(93): error C2146: 语法错误: 缺少“;”(在标识符“xmlChar”的前面)
     1>\\vmware-host\shared folders\documents\memrisewordlist\libxml2\include\libxml\xmlstring.h(93): error C4430: 缺少类型说明符 - 假定为 int。注意: C++ 不支持默认 int
     1>\\vmware-host\shared folders\documents\memrisewordlist\libxml2\include\libxml\xmlstring.h(93): error C2086: “int XMLPUBFUN”: 重定义
                 \\vmware-host\shared folders\documents\memrisewordlist\libxml2\include\libxml\xmlstring.h(40) : 参见“XMLPUBFUN”的声明
     1>\\vmware-host\shared folders\documents\memrisewordlist\libxml2\include\libxml\xmlstring.h(94): error C2146: 语法错误: 缺少“;”(在标识符“xmlStrncatNew”的前面)
     1>\\vmware-host\shared folders\documents\memrisewordlist\libxml2\include\libxml\xmlstring.h(94): error C2086: “xmlChar *XMLCALL”: 重定义
                 \\vmware-host\shared folders\documents\memrisewordlist\libxml2\include\libxml\xmlstring.h(41) : 参见“XMLCALL”的声明
     1>\\vmware-host\shared folders\documents\memrisewordlist\libxml2\include\libxml\xmlstring.h(96): error C4430: 缺少类型说明符 - 假定为 int。注意: C++ 不支持默认 int
     1>\\vmware-host\shared folders\documents\memrisewordlist\libxml2\include\libxml\xmlstring.h(97): error C2144: 语法错误:“int”的前面应有“;”
     1>\\vmware-host\shared folders\documents\memrisewordlist\libxml2\include\libxml\xmlstring.h(97): error C4430: 缺少类型说明符 - 假定为 int。注意: C++ 不支持默认 int
     1>\\vmware-host\shared folders\documents\memrisewordlist\libxml2\include\libxml\xmlstring.h(97): error C2086: “int XMLPUBFUN”: 重定义
                 \\vmware-host\shared folders\documents\memrisewordlist\libxml2\include\libxml\xmlstring.h(40) : 参见“XMLPUBFUN”的声明
     1>\\vmware-host\shared folders\documents\memrisewordlist\libxml2\include\libxml\xmlstring.h(98): error C2146: 语法错误: 缺少“;”(在标识符“xmlStrPrintf”的前面)
     1>\\vmware-host\shared folders\documents\memrisewordlist\libxml2\include\libxml\xmlstring.h(98): error C2040: “XMLCALL”:“int”与“xmlChar *”的间接寻址级别不同
     1>\\vmware-host\shared folders\documents\memrisewordlist\libxml2\include\libxml\xmlstring.h(101): error C4430: 缺少类型说明符 - 假定为 int。注意: C++ 不支持默认 int
     1>\\vmware-host\shared folders\documents\memrisewordlist\libxml2\include\libxml\xmlstring.h(102): error C2144: 语法错误:“int”的前面应有“;”
     1>\\vmware-host\shared folders\documents\memrisewordlist\libxml2\include\libxml\xmlstring.h(102): error C4430: 缺少类型说明符 - 假定为 int。注意: C++ 不支持默认 int
     1>\\vmware-host\shared folders\documents\memrisewordlist\libxml2\include\libxml\xmlstring.h(102): error C2086: “int XMLPUBFUN”: 重定义
                 \\vmware-host\shared folders\documents\memrisewordlist\libxml2\include\libxml\xmlstring.h(40) : 参见“XMLPUBFUN”的声明
     1>\\vmware-host\shared folders\documents\memrisewordlist\libxml2\include\libxml\xmlstring.h(103): error C2146: 语法错误: 缺少“;”(在标识符“xmlStrVPrintf”的前面)
     1>\\vmware-host\shared folders\documents\memrisewordlist\libxml2\include\libxml\xmlstring.h(103): error C2040: “XMLCALL”:“int”与“xmlChar *”的间接寻址级别不同
     1>\\vmware-host\shared folders\documents\memrisewordlist\libxml2\include\libxml\xmlstring.h(106): error C4430: 缺少类型说明符 - 假定为 int。注意: C++ 不支持默认 int
     1>\\vmware-host\shared folders\documents\memrisewordlist\libxml2\include\libxml\xmlstring.h(108): error C2144: 语法错误:“int”的前面应有“;”
     1>\\vmware-host\shared folders\documents\memrisewordlist\libxml2\include\libxml\xmlstring.h(108): error C4430: 缺少类型说明符 - 假定为 int。注意: C++ 不支持默认 int
     1>\\vmware-host\shared folders\documents\memrisewordlist\libxml2\include\libxml\xmlstring.h(108): error C2086: “int XMLPUBFUN”: 重定义
                 \\vmware-host\shared folders\documents\memrisewordlist\libxml2\include\libxml\xmlstring.h(40) : 参见“XMLPUBFUN”的声明
     1>\\vmware-host\shared folders\documents\memrisewordlist\libxml2\include\libxml\xmlstring.h(109): error C2146: 语法错误: 缺少“;”(在标识符“xmlGetUTF8Char”的前面)
     1>\\vmware-host\shared folders\documents\memrisewordlist\libxml2\include\libxml\xmlstring.h(109): error C2040: “XMLCALL”:“int”与“xmlChar *”的间接寻址级别不同
     1>\\vmware-host\shared folders\documents\memrisewordlist\libxml2\include\libxml\xmlstring.h(110): error C4430: 缺少类型说明符 - 假定为 int。注意: C++ 不支持默认 int
     1>\\vmware-host\shared folders\documents\memrisewordlist\libxml2\include\libxml\xmlstring.h(111): error C2144: 语法错误:“int”的前面应有“;”
     1>\\vmware-host\shared folders\documents\memrisewordlist\libxml2\include\libxml\xmlstring.h(111): error C4430: 缺少类型说明符 - 假定为 int。注意: C++ 不支持默认 int
     1>\\vmware-host\shared folders\documents\memrisewordlist\libxml2\include\libxml\xmlstring.h(111): error C2086: “int XMLPUBFUN”: 重定义
                 \\vmware-host\shared folders\documents\memrisewordlist\libxml2\include\libxml\xmlstring.h(40) : 参见“XMLPUBFUN”的声明
     1>\\vmware-host\shared folders\documents\memrisewordlist\libxml2\include\libxml\xmlstring.h(112): error C2146: 语法错误: 缺少“;”(在标识符“xmlCheckUTF8”的前面)
     1>\\vmware-host\shared folders\documents\memrisewordlist\libxml2\include\libxml\xmlstring.h(112): error C2040: “XMLCALL”:“int”与“xmlChar *”的间接寻址级别不同
     1>\\vmware-host\shared folders\documents\memrisewordlist\libxml2\include\libxml\xmlstring.h(112): error C4430: 缺少类型说明符 - 假定为 int。注意: C++ 不支持默认 int
     1>\\vmware-host\shared folders\documents\memrisewordlist\libxml2\include\libxml\xmlstring.h(113): error C2144: 语法错误:“int”的前面应有“;”
     1>\\vmware-host\shared folders\documents\memrisewordlist\libxml2\include\libxml\xmlstring.h(113): error C4430: 缺少类型说明符 - 假定为 int。注意: C++ 不支持默认 int
     1>\\vmware-host\shared folders\documents\memrisewordlist\libxml2\include\libxml\xmlstring.h(113): error C2086: “int XMLPUBFUN”: 重定义
                 \\vmware-host\shared folders\documents\memrisewordlist\libxml2\include\libxml\xmlstring.h(40) : 参见“XMLPUBFUN”的声明
     1>\\vmware-host\shared folders\documents\memrisewordlist\libxml2\include\libxml\xmlstring.h(114): error C2146: 语法错误: 缺少“;”(在标识符“xmlUTF8Strsize”的前面)
     1>\\vmware-host\shared folders\documents\memrisewordlist\libxml2\include\libxml\xmlstring.h(114): error C2040: “XMLCALL”:“int”与“xmlChar *”的间接寻址级别不同
     1>\\vmware-host\shared folders\documents\memrisewordlist\libxml2\include\libxml\xmlstring.h(115): error C4430: 缺少类型说明符 - 假定为 int。注意: C++ 不支持默认 int
     1>\\vmware-host\shared folders\documents\memrisewordlist\libxml2\include\libxml\xmlstring.h(116): error C2146: 语法错误: 缺少“;”(在标识符“xmlChar”的前面)
     1>\\vmware-host\shared folders\documents\memrisewordlist\libxml2\include\libxml\xmlstring.h(116): error C4430: 缺少类型说明符 - 假定为 int。注意: C++ 不支持默认 int
     1>\\vmware-host\shared folders\documents\memrisewordlist\libxml2\include\libxml\xmlstring.h(116): error C2086: “int XMLPUBFUN”: 重定义
                 \\vmware-host\shared folders\documents\memrisewordlist\libxml2\include\libxml\xmlstring.h(40) : 参见“XMLPUBFUN”的声明
     1>\\vmware-host\shared folders\documents\memrisewordlist\libxml2\include\libxml\xmlstring.h(117): error C2146: 语法错误: 缺少“;”(在标识符“xmlUTF8Strndup”的前面)
     1>\\vmware-host\shared folders\documents\memrisewordlist\libxml2\include\libxml\xmlstring.h(117): error C2086: “xmlChar *XMLCALL”: 重定义
                 \\vmware-host\shared folders\documents\memrisewordlist\libxml2\include\libxml\xmlstring.h(41) : 参见“XMLCALL”的声明
     1>\\vmware-host\shared folders\documents\memrisewordlist\libxml2\include\libxml\xmlstring.h(118): error C4430: 缺少类型说明符 - 假定为 int。注意: C++ 不支持默认 int
     1>\\vmware-host\shared folders\documents\memrisewordlist\libxml2\include\libxml\xmlstring.h(119): error C2143: 语法错误 : 缺少“;”(在“const”的前面)
     1>\\vmware-host\shared folders\documents\memrisewordlist\libxml2\include\libxml\xmlstring.h(119): error C4430: 缺少类型说明符 - 假定为 int。注意: C++ 不支持默认 int
     1>\\vmware-host\shared folders\documents\memrisewordlist\libxml2\include\libxml\xmlstring.h(119): error C2086: “int XMLPUBFUN”: 重定义
                 \\vmware-host\shared folders\documents\memrisewordlist\libxml2\include\libxml\xmlstring.h(40) : 参见“XMLPUBFUN”的声明
     1>\\vmware-host\shared folders\documents\memrisewordlist\libxml2\include\libxml\xmlstring.h(120): error C2146: 语法错误: 缺少“;”(在标识符“xmlUTF8Strpos”的前面)
     1>\\vmware-host\shared folders\documents\memrisewordlist\libxml2\include\libxml\xmlstring.h(120): error C2373: “XMLCALL”: 重定义；不同的类型修饰符
                 \\vmware-host\shared folders\documents\memrisewordlist\libxml2\include\libxml\xmlstring.h(41) : 参见“XMLCALL”的声明
     1>\\vmware-host\shared folders\documents\memrisewordlist\libxml2\include\libxml\xmlstring.h(121): error C4430: 缺少类型说明符 - 假定为 int。注意: C++ 不支持默认 int
     1>\\vmware-host\shared folders\documents\memrisewordlist\libxml2\include\libxml\xmlstring.h(122): error C2144: 语法错误:“int”的前面应有“;”
     1>\\vmware-host\shared folders\documents\memrisewordlist\libxml2\include\libxml\xmlstring.h(122): error C4430: 缺少类型说明符 - 假定为 int。注意: C++ 不支持默认 int
     1>\\vmware-host\shared folders\documents\memrisewordlist\libxml2\include\libxml\xmlstring.h(122): error C2086: “int XMLPUBFUN”: 重定义
                 \\vmware-host\shared folders\documents\memrisewordlist\libxml2\include\libxml\xmlstring.h(40) : 参见“XMLPUBFUN”的声明
     1>\\vmware-host\shared folders\documents\memrisewordlist\libxml2\include\libxml\xmlstring.h(123): error C2146: 语法错误: 缺少“;”(在标识符“xmlUTF8Strloc”的前面)
     1>\\vmware-host\shared folders\documents\memrisewordlist\libxml2\include\libxml\xmlstring.h(123): fatal error C1003: 错误计数超过 100；正在停止编译
         CambridgeDictionary.cpp
     1>\\vmware-host\shared folders\documents\memrisewordlist\libxml2\include\libxml\xmlstring.h(40): error C2146: 语法错误: 缺少“;”(在标识符“xmlChar”的前面)
     1>\\vmware-host\shared folders\documents\memrisewordlist\libxml2\include\libxml\xmlstring.h(40): error C4430: 缺少类型说明符 - 假定为 int。注意: C++ 不支持默认 int
     1>\\vmware-host\shared folders\documents\memrisewordlist\libxml2\include\libxml\xmlstring.h(41): error C2146: 语法错误: 缺少“;”(在标识符“xmlStrdup”的前面)
     1>\\vmware-host\shared folders\documents\memrisewordlist\libxml2\include\libxml\xmlstring.h(41): error C4430: 缺少类型说明符 - 假定为 int。注意: C++ 不支持默认 int
     1>\\vmware-host\shared folders\documents\memrisewordlist\libxml2\include\libxml\xmlstring.h(42): error C2146: 语法错误: 缺少“;”(在标识符“xmlChar”的前面)
     1>\\vmware-host\shared folders\documents\memrisewordlist\libxml2\include\libxml\xmlstring.h(42): error C4430: 缺少类型说明符 - 假定为 int。注意: C++ 不支持默认 int
     1>\\vmware-host\shared folders\documents\memrisewordlist\libxml2\include\libxml\xmlstring.h(42): error C2086: “int XMLPUBFUN”: 重定义
                 \\vmware-host\shared folders\documents\memrisewordlist\libxml2\include\libxml\xmlstring.h(40) : 参见“XMLPUBFUN”的声明
     1>\\vmware-host\shared folders\documents\memrisewordlist\libxml2\include\libxml\xmlstring.h(43): error C2146: 语法错误: 缺少“;”(在标识符“xmlStrndup”的前面)
     1>\\vmware-host\shared folders\documents\memrisewordlist\libxml2\include\libxml\xmlstring.h(43): error C2086: “xmlChar *XMLCALL”: 重定义
                 \\vmware-host\shared folders\documents\memrisewordlist\libxml2\include\libxml\xmlstring.h(41) : 参见“XMLCALL”的声明
     1>\\vmware-host\shared folders\documents\memrisewordlist\libxml2\include\libxml\xmlstring.h(44): error C4430: 缺少类型说明符 - 假定为 int。注意: C++ 不支持默认 int
     1>\\vmware-host\shared folders\documents\memrisewordlist\libxml2\include\libxml\xmlstring.h(45): error C2146: 语法错误: 缺少“;”(在标识符“xmlChar”的前面)
     1>\\vmware-host\shared folders\documents\memrisewordlist\libxml2\include\libxml\xmlstring.h(45): error C4430: 缺少类型说明符 - 假定为 int。注意: C++ 不支持默认 int
     1>\\vmware-host\shared folders\documents\memrisewordlist\libxml2\include\libxml\xmlstring.h(45): error C2086: “int XMLPUBFUN”: 重定义
                 \\vmware-host\shared folders\documents\memrisewordlist\libxml2\include\libxml\xmlstring.h(40) : 参见“XMLPUBFUN”的声明
     1>\\vmware-host\shared folders\documents\memrisewordlist\libxml2\include\libxml\xmlstring.h(46): error C2146: 语法错误: 缺少“;”(在标识符“xmlCharStrndup”的前面)
     1>\\vmware-host\shared folders\documents\memrisewordlist\libxml2\include\libxml\xmlstring.h(46): error C2086: “xmlChar *XMLCALL”: 重定义
                 \\vmware-host\shared folders\documents\memrisewordlist\libxml2\include\libxml\xmlstring.h(41) : 参见“XMLCALL”的声明
     1>\\vmware-host\shared folders\documents\memrisewordlist\libxml2\include\libxml\xmlstring.h(47): error C4430: 缺少类型说明符 - 假定为 int。注意: C++ 不支持默认 int
     1>\\vmware-host\shared folders\documents\memrisewordlist\libxml2\include\libxml\xmlstring.h(48): error C2146: 语法错误: 缺少“;”(在标识符“xmlChar”的前面)
     1>\\vmware-host\shared folders\documents\memrisewordlist\libxml2\include\libxml\xmlstring.h(48): error C4430: 缺少类型说明符 - 假定为 int。注意: C++ 不支持默认 int
     1>\\vmware-host\shared folders\documents\memrisewordlist\libxml2\include\libxml\xmlstring.h(48): error C2086: “int XMLPUBFUN”: 重定义
                 \\vmware-host\shared folders\documents\memrisewordlist\libxml2\include\libxml\xmlstring.h(40) : 参见“XMLPUBFUN”的声明
     1>\\vmware-host\shared folders\documents\memrisewordlist\libxml2\include\libxml\xmlstring.h(49): error C2146: 语法错误: 缺少“;”(在标识符“xmlCharStrdup”的前面)
     1>\\vmware-host\shared folders\documents\memrisewordlist\libxml2\include\libxml\xmlstring.h(49): error C2086: “xmlChar *XMLCALL”: 重定义
                 \\vmware-host\shared folders\documents\memrisewordlist\libxml2\include\libxml\xmlstring.h(41) : 参见“XMLCALL”的声明
     1>\\vmware-host\shared folders\documents\memrisewordlist\libxml2\include\libxml\xmlstring.h(49): error C4430: 缺少类型说明符 - 假定为 int。注意: C++ 不支持默认 int
     1>\\vmware-host\shared folders\documents\memrisewordlist\libxml2\include\libxml\xmlstring.h(50): error C2146: 语法错误: 缺少“;”(在标识符“xmlChar”的前面)
     1>\\vmware-host\shared folders\documents\memrisewordlist\libxml2\include\libxml\xmlstring.h(50): error C4430: 缺少类型说明符 - 假定为 int。注意: C++ 不支持默认 int
     1>\\vmware-host\shared folders\documents\memrisewordlist\libxml2\include\libxml\xmlstring.h(50): error C2086: “int XMLPUBFUN”: 重定义
                 \\vmware-host\shared folders\documents\memrisewordlist\libxml2\include\libxml\xmlstring.h(40) : 参见“XMLPUBFUN”的声明
     1>\\vmware-host\shared folders\documents\memrisewordlist\libxml2\include\libxml\xmlstring.h(51): error C2146: 语法错误: 缺少“;”(在标识符“xmlStrsub”的前面)
     1>\\vmware-host\shared folders\documents\memrisewordlist\libxml2\include\libxml\xmlstring.h(51): error C2086: “xmlChar *XMLCALL”: 重定义
                 \\vmware-host\shared folders\documents\memrisewordlist\libxml2\include\libxml\xmlstring.h(41) : 参见“XMLCALL”的声明
     1>\\vmware-host\shared folders\documents\memrisewordlist\libxml2\include\libxml\xmlstring.h(53): error C4430: 缺少类型说明符 - 假定为 int。注意: C++ 不支持默认 int
     1>\\vmware-host\shared folders\documents\memrisewordlist\libxml2\include\libxml\xmlstring.h(54): error C2143: 语法错误 : 缺少“;”(在“const”的前面)
     1>\\vmware-host\shared folders\documents\memrisewordlist\libxml2\include\libxml\xmlstring.h(54): error C4430: 缺少类型说明符 - 假定为 int。注意: C++ 不支持默认 int
     1>\\vmware-host\shared folders\documents\memrisewordlist\libxml2\include\libxml\xmlstring.h(54): error C2086: “int XMLPUBFUN”: 重定义
                 \\vmware-host\shared folders\documents\memrisewordlist\libxml2\include\libxml\xmlstring.h(40) : 参见“XMLPUBFUN”的声明
     1>\\vmware-host\shared folders\documents\memrisewordlist\libxml2\include\libxml\xmlstring.h(55): error C2146: 语法错误: 缺少“;”(在标识符“xmlStrchr”的前面)
     1>\\vmware-host\shared folders\documents\memrisewordlist\libxml2\include\libxml\xmlstring.h(55): error C2373: “XMLCALL”: 重定义；不同的类型修饰符
                 \\vmware-host\shared folders\documents\memrisewordlist\libxml2\include\libxml\xmlstring.h(41) : 参见“XMLCALL”的声明
     1>\\vmware-host\shared folders\documents\memrisewordlist\libxml2\include\libxml\xmlstring.h(56): error C4430: 缺少类型说明符 - 假定为 int。注意: C++ 不支持默认 int
     1>\\vmware-host\shared folders\documents\memrisewordlist\libxml2\include\libxml\xmlstring.h(57): error C2143: 语法错误 : 缺少“;”(在“const”的前面)
     1>\\vmware-host\shared folders\documents\memrisewordlist\libxml2\include\libxml\xmlstring.h(57): error C4430: 缺少类型说明符 - 假定为 int。注意: C++ 不支持默认 int
     1>\\vmware-host\shared folders\documents\memrisewordlist\libxml2\include\libxml\xmlstring.h(57): error C2086: “int XMLPUBFUN”: 重定义
                 \\vmware-host\shared folders\documents\memrisewordlist\libxml2\include\libxml\xmlstring.h(40) : 参见“XMLPUBFUN”的声明
     1>\\vmware-host\shared folders\documents\memrisewordlist\libxml2\include\libxml\xmlstring.h(58): error C2146: 语法错误: 缺少“;”(在标识符“xmlStrstr”的前面)
     1>\\vmware-host\shared folders\documents\memrisewordlist\libxml2\include\libxml\xmlstring.h(58): error C2373: “XMLCALL”: 重定义；不同的类型修饰符
                 \\vmware-host\shared folders\documents\memrisewordlist\libxml2\include\libxml\xmlstring.h(41) : 参见“XMLCALL”的声明
     1>\\vmware-host\shared folders\documents\memrisewordlist\libxml2\include\libxml\xmlstring.h(59): error C4430: 缺少类型说明符 - 假定为 int。注意: C++ 不支持默认 int
     1>\\vmware-host\shared folders\documents\memrisewordlist\libxml2\include\libxml\xmlstring.h(60): error C2143: 语法错误 : 缺少“;”(在“const”的前面)
     1>\\vmware-host\shared folders\documents\memrisewordlist\libxml2\include\libxml\xmlstring.h(60): error C4430: 缺少类型说明符 - 假定为 int。注意: C++ 不支持默认 int
     1>\\vmware-host\shared folders\documents\memrisewordlist\libxml2\include\libxml\xmlstring.h(60): error C2086: “int XMLPUBFUN”: 重定义
                 \\vmware-host\shared folders\documents\memrisewordlist\libxml2\include\libxml\xmlstring.h(40) : 参见“XMLPUBFUN”的声明
     1>\\vmware-host\shared folders\documents\memrisewordlist\libxml2\include\libxml\xmlstring.h(61): error C2146: 语法错误: 缺少“;”(在标识符“xmlStrcasestr”的前面)
     1>\\vmware-host\shared folders\documents\memrisewordlist\libxml2\include\libxml\xmlstring.h(61): error C2373: “XMLCALL”: 重定义；不同的类型修饰符
                 \\vmware-host\shared folders\documents\memrisewordlist\libxml2\include\libxml\xmlstring.h(41) : 参见“XMLCALL”的声明
     1>\\vmware-host\shared folders\documents\memrisewordlist\libxml2\include\libxml\xmlstring.h(62): error C4430: 缺少类型说明符 - 假定为 int。注意: C++ 不支持默认 int
     1>\\vmware-host\shared folders\documents\memrisewordlist\libxml2\include\libxml\xmlstring.h(63): error C2144: 语法错误:“int”的前面应有“;”
     1>\\vmware-host\shared folders\documents\memrisewordlist\libxml2\include\libxml\xmlstring.h(63): error C4430: 缺少类型说明符 - 假定为 int。注意: C++ 不支持默认 int
     1>\\vmware-host\shared folders\documents\memrisewordlist\libxml2\include\libxml\xmlstring.h(63): error C2086: “int XMLPUBFUN”: 重定义
                 \\vmware-host\shared folders\documents\memrisewordlist\libxml2\include\libxml\xmlstring.h(40) : 参见“XMLPUBFUN”的声明
     1>\\vmware-host\shared folders\documents\memrisewordlist\libxml2\include\libxml\xmlstring.h(64): error C2146: 语法错误: 缺少“;”(在标识符“xmlStrcmp”的前面)
     1>\\vmware-host\shared folders\documents\memrisewordlist\libxml2\include\libxml\xmlstring.h(64): error C2040: “XMLCALL”:“int”与“xmlChar *”的间接寻址级别不同
     1>\\vmware-host\shared folders\documents\memrisewordlist\libxml2\include\libxml\xmlstring.h(65): error C4430: 缺少类型说明符 - 假定为 int。注意: C++ 不支持默认 int
     1>\\vmware-host\shared folders\documents\memrisewordlist\libxml2\include\libxml\xmlstring.h(66): error C2144: 语法错误:“int”的前面应有“;”
     1>\\vmware-host\shared folders\documents\memrisewordlist\libxml2\include\libxml\xmlstring.h(66): error C4430: 缺少类型说明符 - 假定为 int。注意: C++ 不支持默认 int
     1>\\vmware-host\shared folders\documents\memrisewordlist\libxml2\include\libxml\xmlstring.h(66): error C2086: “int XMLPUBFUN”: 重定义
                 \\vmware-host\shared folders\documents\memrisewordlist\libxml2\include\libxml\xmlstring.h(40) : 参见“XMLPUBFUN”的声明
     1>\\vmware-host\shared folders\documents\memrisewordlist\libxml2\include\libxml\xmlstring.h(67): error C2146: 语法错误: 缺少“;”(在标识符“xmlStrncmp”的前面)
     1>\\vmware-host\shared folders\documents\memrisewordlist\libxml2\include\libxml\xmlstring.h(67): error C2040: “XMLCALL”:“int”与“xmlChar *”的间接寻址级别不同
     1>\\vmware-host\shared folders\documents\memrisewordlist\libxml2\include\libxml\xmlstring.h(69): error C4430: 缺少类型说明符 - 假定为 int。注意: C++ 不支持默认 int
     1>\\vmware-host\shared folders\documents\memrisewordlist\libxml2\include\libxml\xmlstring.h(70): error C2144: 语法错误:“int”的前面应有“;”
     1>\\vmware-host\shared folders\documents\memrisewordlist\libxml2\include\libxml\xmlstring.h(70): error C4430: 缺少类型说明符 - 假定为 int。注意: C++ 不支持默认 int
     1>\\vmware-host\shared folders\documents\memrisewordlist\libxml2\include\libxml\xmlstring.h(70): error C2086: “int XMLPUBFUN”: 重定义
                 \\vmware-host\shared folders\documents\memrisewordlist\libxml2\include\libxml\xmlstring.h(40) : 参见“XMLPUBFUN”的声明
     1>\\vmware-host\shared folders\documents\memrisewordlist\libxml2\include\libxml\xmlstring.h(71): error C2146: 语法错误: 缺少“;”(在标识符“xmlStrcasecmp”的前面)
     1>\\vmware-host\shared folders\documents\memrisewordlist\libxml2\include\libxml\xmlstring.h(71): error C2040: “XMLCALL”:“int”与“xmlChar *”的间接寻址级别不同
     1>\\vmware-host\shared folders\documents\memrisewordlist\libxml2\include\libxml\xmlstring.h(72): error C4430: 缺少类型说明符 - 假定为 int。注意: C++ 不支持默认 int
     1>\\vmware-host\shared folders\documents\memrisewordlist\libxml2\include\libxml\xmlstring.h(73): error C2144: 语法错误:“int”的前面应有“;”
     1>\\vmware-host\shared folders\documents\memrisewordlist\libxml2\include\libxml\xmlstring.h(73): error C4430: 缺少类型说明符 - 假定为 int。注意: C++ 不支持默认 int
     1>\\vmware-host\shared folders\documents\memrisewordlist\libxml2\include\libxml\xmlstring.h(73): error C2086: “int XMLPUBFUN”: 重定义
                 \\vmware-host\shared folders\documents\memrisewordlist\libxml2\include\libxml\xmlstring.h(40) : 参见“XMLPUBFUN”的声明
     1>\\vmware-host\shared folders\documents\memrisewordlist\libxml2\include\libxml\xmlstring.h(74): error C2146: 语法错误: 缺少“;”(在标识符“xmlStrncasecmp”的前面)
     1>\\vmware-host\shared folders\documents\memrisewordlist\libxml2\include\libxml\xmlstring.h(74): error C2040: “XMLCALL”:“int”与“xmlChar *”的间接寻址级别不同
     1>\\vmware-host\shared folders\documents\memrisewordlist\libxml2\include\libxml\xmlstring.h(76): error C4430: 缺少类型说明符 - 假定为 int。注意: C++ 不支持默认 int
     1>\\vmware-host\shared folders\documents\memrisewordlist\libxml2\include\libxml\xmlstring.h(77): error C2144: 语法错误:“int”的前面应有“;”
     1>\\vmware-host\shared folders\documents\memrisewordlist\libxml2\include\libxml\xmlstring.h(77): error C4430: 缺少类型说明符 - 假定为 int。注意: C++ 不支持默认 int
     1>\\vmware-host\shared folders\documents\memrisewordlist\libxml2\include\libxml\xmlstring.h(77): error C2086: “int XMLPUBFUN”: 重定义
                 \\vmware-host\shared folders\documents\memrisewordlist\libxml2\include\libxml\xmlstring.h(40) : 参见“XMLPUBFUN”的声明
     1>\\vmware-host\shared folders\documents\memrisewordlist\libxml2\include\libxml\xmlstring.h(78): error C2146: 语法错误: 缺少“;”(在标识符“xmlStrEqual”的前面)
     1>\\vmware-host\shared folders\documents\memrisewordlist\libxml2\include\libxml\xmlstring.h(78): error C2040: “XMLCALL”:“int”与“xmlChar *”的间接寻址级别不同
     1>\\vmware-host\shared folders\documents\memrisewordlist\libxml2\include\libxml\xmlstring.h(79): error C4430: 缺少类型说明符 - 假定为 int。注意: C++ 不支持默认 int
     1>\\vmware-host\shared folders\documents\memrisewordlist\libxml2\include\libxml\xmlstring.h(80): error C2144: 语法错误:“int”的前面应有“;”
     1>\\vmware-host\shared folders\documents\memrisewordlist\libxml2\include\libxml\xmlstring.h(80): error C4430: 缺少类型说明符 - 假定为 int。注意: C++ 不支持默认 int
     1>\\vmware-host\shared folders\documents\memrisewordlist\libxml2\include\libxml\xmlstring.h(80): error C2086: “int XMLPUBFUN”: 重定义
                 \\vmware-host\shared folders\documents\memrisewordlist\libxml2\include\libxml\xmlstring.h(40) : 参见“XMLPUBFUN”的声明
     1>\\vmware-host\shared folders\documents\memrisewordlist\libxml2\include\libxml\xmlstring.h(81): error C2146: 语法错误: 缺少“;”(在标识符“xmlStrQEqual”的前面)
     1>\\vmware-host\shared folders\documents\memrisewordlist\libxml2\include\libxml\xmlstring.h(81): error C2040: “XMLCALL”:“int”与“xmlChar *”的间接寻址级别不同
     1>\\vmware-host\shared folders\documents\memrisewordlist\libxml2\include\libxml\xmlstring.h(83): error C4430: 缺少类型说明符 - 假定为 int。注意: C++ 不支持默认 int
     1>\\vmware-host\shared folders\documents\memrisewordlist\libxml2\include\libxml\xmlstring.h(84): error C2144: 语法错误:“int”的前面应有“;”
     1>\\vmware-host\shared folders\documents\memrisewordlist\libxml2\include\libxml\xmlstring.h(84): error C4430: 缺少类型说明符 - 假定为 int。注意: C++ 不支持默认 int
     1>\\vmware-host\shared folders\documents\memrisewordlist\libxml2\include\libxml\xmlstring.h(84): error C2086: “int XMLPUBFUN”: 重定义
                 \\vmware-host\shared folders\documents\memrisewordlist\libxml2\include\libxml\xmlstring.h(40) : 参见“XMLPUBFUN”的声明
     1>\\vmware-host\shared folders\documents\memrisewordlist\libxml2\include\libxml\xmlstring.h(85): error C2146: 语法错误: 缺少“;”(在标识符“xmlStrlen”的前面)
     1>\\vmware-host\shared folders\documents\memrisewordlist\libxml2\include\libxml\xmlstring.h(85): error C2040: “XMLCALL”:“int”与“xmlChar *”的间接寻址级别不同
     1>\\vmware-host\shared folders\documents\memrisewordlist\libxml2\include\libxml\xmlstring.h(85): error C4430: 缺少类型说明符 - 假定为 int。注意: C++ 不支持默认 int
     1>\\vmware-host\shared folders\documents\memrisewordlist\libxml2\include\libxml\xmlstring.h(86): error C2146: 语法错误: 缺少“;”(在标识符“xmlChar”的前面)
     1>\\vmware-host\shared folders\documents\memrisewordlist\libxml2\include\libxml\xmlstring.h(86): error C4430: 缺少类型说明符 - 假定为 int。注意: C++ 不支持默认 int
     1>\\vmware-host\shared folders\documents\memrisewordlist\libxml2\include\libxml\xmlstring.h(86): error C2086: “int XMLPUBFUN”: 重定义
                 \\vmware-host\shared folders\documents\memrisewordlist\libxml2\include\libxml\xmlstring.h(40) : 参见“XMLPUBFUN”的声明
     1>\\vmware-host\shared folders\documents\memrisewordlist\libxml2\include\libxml\xmlstring.h(87): error C2146: 语法错误: 缺少“;”(在标识符“xmlStrcat”的前面)
     1>\\vmware-host\shared folders\documents\memrisewordlist\libxml2\include\libxml\xmlstring.h(87): error C2086: “xmlChar *XMLCALL”: 重定义
                 \\vmware-host\shared folders\documents\memrisewordlist\libxml2\include\libxml\xmlstring.h(41) : 参见“XMLCALL”的声明
     1>\\vmware-host\shared folders\documents\memrisewordlist\libxml2\include\libxml\xmlstring.h(88): error C4430: 缺少类型说明符 - 假定为 int。注意: C++ 不支持默认 int
     1>\\vmware-host\shared folders\documents\memrisewordlist\libxml2\include\libxml\xmlstring.h(89): error C2146: 语法错误: 缺少“;”(在标识符“xmlChar”的前面)
     1>\\vmware-host\shared folders\documents\memrisewordlist\libxml2\include\libxml\xmlstring.h(89): error C4430: 缺少类型说明符 - 假定为 int。注意: C++ 不支持默认 int
     1>\\vmware-host\shared folders\documents\memrisewordlist\libxml2\include\libxml\xmlstring.h(89): error C2086: “int XMLPUBFUN”: 重定义
                 \\vmware-host\shared folders\documents\memrisewordlist\libxml2\include\libxml\xmlstring.h(40) : 参见“XMLPUBFUN”的声明
     1>\\vmware-host\shared folders\documents\memrisewordlist\libxml2\include\libxml\xmlstring.h(90): error C2146: 语法错误: 缺少“;”(在标识符“xmlStrncat”的前面)
     1>\\vmware-host\shared folders\documents\memrisewordlist\libxml2\include\libxml\xmlstring.h(90): error C2086: “xmlChar *XMLCALL”: 重定义
                 \\vmware-host\shared folders\documents\memrisewordlist\libxml2\include\libxml\xmlstring.h(41) : 参见“XMLCALL”的声明
     1>\\vmware-host\shared folders\documents\memrisewordlist\libxml2\include\libxml\xmlstring.h(92): error C4430: 缺少类型说明符 - 假定为 int。注意: C++ 不支持默认 int
     1>\\vmware-host\shared folders\documents\memrisewordlist\libxml2\include\libxml\xmlstring.h(93): error C2146: 语法错误: 缺少“;”(在标识符“xmlChar”的前面)
     1>\\vmware-host\shared folders\documents\memrisewordlist\libxml2\include\libxml\xmlstring.h(93): error C4430: 缺少类型说明符 - 假定为 int。注意: C++ 不支持默认 int
     1>\\vmware-host\shared folders\documents\memrisewordlist\libxml2\include\libxml\xmlstring.h(93): error C2086: “int XMLPUBFUN”: 重定义
                 \\vmware-host\shared folders\documents\memrisewordlist\libxml2\include\libxml\xmlstring.h(40) : 参见“XMLPUBFUN”的声明
     1>\\vmware-host\shared folders\documents\memrisewordlist\libxml2\include\libxml\xmlstring.h(94): error C2146: 语法错误: 缺少“;”(在标识符“xmlStrncatNew”的前面)
     1>\\vmware-host\shared folders\documents\memrisewordlist\libxml2\include\libxml\xmlstring.h(94): error C2086: “xmlChar *XMLCALL”: 重定义
                 \\vmware-host\shared folders\documents\memrisewordlist\libxml2\include\libxml\xmlstring.h(41) : 参见“XMLCALL”的声明
     1>\\vmware-host\shared folders\documents\memrisewordlist\libxml2\include\libxml\xmlstring.h(96): error C4430: 缺少类型说明符 - 假定为 int。注意: C++ 不支持默认 int
     1>\\vmware-host\shared folders\documents\memrisewordlist\libxml2\include\libxml\xmlstring.h(97): error C2144: 语法错误:“int”的前面应有“;”
     1>\\vmware-host\shared folders\documents\memrisewordlist\libxml2\include\libxml\xmlstring.h(97): error C4430: 缺少类型说明符 - 假定为 int。注意: C++ 不支持默认 int
     1>\\vmware-host\shared folders\documents\memrisewordlist\libxml2\include\libxml\xmlstring.h(97): error C2086: “int XMLPUBFUN”: 重定义
                 \\vmware-host\shared folders\documents\memrisewordlist\libxml2\include\libxml\xmlstring.h(40) : 参见“XMLPUBFUN”的声明
     1>\\vmware-host\shared folders\documents\memrisewordlist\libxml2\include\libxml\xmlstring.h(98): error C2146: 语法错误: 缺少“;”(在标识符“xmlStrPrintf”的前面)
     1>\\vmware-host\shared folders\documents\memrisewordlist\libxml2\include\libxml\xmlstring.h(98): error C2040: “XMLCALL”:“int”与“xmlChar *”的间接寻址级别不同
     1>\\vmware-host\shared folders\documents\memrisewordlist\libxml2\include\libxml\xmlstring.h(101): error C4430: 缺少类型说明符 - 假定为 int。注意: C++ 不支持默认 int
     1>\\vmware-host\shared folders\documents\memrisewordlist\libxml2\include\libxml\xmlstring.h(102): error C2144: 语法错误:“int”的前面应有“;”
     1>\\vmware-host\shared folders\documents\memrisewordlist\libxml2\include\libxml\xmlstring.h(102): error C4430: 缺少类型说明符 - 假定为 int。注意: C++ 不支持默认 int
     1>\\vmware-host\shared folders\documents\memrisewordlist\libxml2\include\libxml\xmlstring.h(102): error C2086: “int XMLPUBFUN”: 重定义
                 \\vmware-host\shared folders\documents\memrisewordlist\libxml2\include\libxml\xmlstring.h(40) : 参见“XMLPUBFUN”的声明
     1>\\vmware-host\shared folders\documents\memrisewordlist\libxml2\include\libxml\xmlstring.h(103): error C2146: 语法错误: 缺少“;”(在标识符“xmlStrVPrintf”的前面)
     1>\\vmware-host\shared folders\documents\memrisewordlist\libxml2\include\libxml\xmlstring.h(103): error C2040: “XMLCALL”:“int”与“xmlChar *”的间接寻址级别不同
     1>\\vmware-host\shared folders\documents\memrisewordlist\libxml2\include\libxml\xmlstring.h(106): error C4430: 缺少类型说明符 - 假定为 int。注意: C++ 不支持默认 int
     1>\\vmware-host\shared folders\documents\memrisewordlist\libxml2\include\libxml\xmlstring.h(108): error C2144: 语法错误:“int”的前面应有“;”
     1>\\vmware-host\shared folders\documents\memrisewordlist\libxml2\include\libxml\xmlstring.h(108): error C4430: 缺少类型说明符 - 假定为 int。注意: C++ 不支持默认 int
     1>\\vmware-host\shared folders\documents\memrisewordlist\libxml2\include\libxml\xmlstring.h(108): error C2086: “int XMLPUBFUN”: 重定义
                 \\vmware-host\shared folders\documents\memrisewordlist\libxml2\include\libxml\xmlstring.h(40) : 参见“XMLPUBFUN”的声明
     1>\\vmware-host\shared folders\documents\memrisewordlist\libxml2\include\libxml\xmlstring.h(109): error C2146: 语法错误: 缺少“;”(在标识符“xmlGetUTF8Char”的前面)
     1>\\vmware-host\shared folders\documents\memrisewordlist\libxml2\include\libxml\xmlstring.h(109): error C2040: “XMLCALL”:“int”与“xmlChar *”的间接寻址级别不同
     1>\\vmware-host\shared folders\documents\memrisewordlist\libxml2\include\libxml\xmlstring.h(110): error C4430: 缺少类型说明符 - 假定为 int。注意: C++ 不支持默认 int
     1>\\vmware-host\shared folders\documents\memrisewordlist\libxml2\include\libxml\xmlstring.h(111): error C2144: 语法错误:“int”的前面应有“;”
     1>\\vmware-host\shared folders\documents\memrisewordlist\libxml2\include\libxml\xmlstring.h(111): error C4430: 缺少类型说明符 - 假定为 int。注意: C++ 不支持默认 int
     1>\\vmware-host\shared folders\documents\memrisewordlist\libxml2\include\libxml\xmlstring.h(111): error C2086: “int XMLPUBFUN”: 重定义
                 \\vmware-host\shared folders\documents\memrisewordlist\libxml2\include\libxml\xmlstring.h(40) : 参见“XMLPUBFUN”的声明
     1>\\vmware-host\shared folders\documents\memrisewordlist\libxml2\include\libxml\xmlstring.h(112): error C2146: 语法错误: 缺少“;”(在标识符“xmlCheckUTF8”的前面)
     1>\\vmware-host\shared folders\documents\memrisewordlist\libxml2\include\libxml\xmlstring.h(112): error C2040: “XMLCALL”:“int”与“xmlChar *”的间接寻址级别不同
     1>\\vmware-host\shared folders\documents\memrisewordlist\libxml2\include\libxml\xmlstring.h(112): error C4430: 缺少类型说明符 - 假定为 int。注意: C++ 不支持默认 int
     1>\\vmware-host\shared folders\documents\memrisewordlist\libxml2\include\libxml\xmlstring.h(113): error C2144: 语法错误:“int”的前面应有“;”
     1>\\vmware-host\shared folders\documents\memrisewordlist\libxml2\include\libxml\xmlstring.h(113): error C4430: 缺少类型说明符 - 假定为 int。注意: C++ 不支持默认 int
     1>\\vmware-host\shared folders\documents\memrisewordlist\libxml2\include\libxml\xmlstring.h(113): error C2086: “int XMLPUBFUN”: 重定义
                 \\vmware-host\shared folders\documents\memrisewordlist\libxml2\include\libxml\xmlstring.h(40) : 参见“XMLPUBFUN”的声明
     1>\\vmware-host\shared folders\documents\memrisewordlist\libxml2\include\libxml\xmlstring.h(114): error C2146: 语法错误: 缺少“;”(在标识符“xmlUTF8Strsize”的前面)
     1>\\vmware-host\shared folders\documents\memrisewordlist\libxml2\include\libxml\xmlstring.h(114): error C2040: “XMLCALL”:“int”与“xmlChar *”的间接寻址级别不同
     1>\\vmware-host\shared folders\documents\memrisewordlist\libxml2\include\libxml\xmlstring.h(115): error C4430: 缺少类型说明符 - 假定为 int。注意: C++ 不支持默认 int
     1>\\vmware-host\shared folders\documents\memrisewordlist\libxml2\include\libxml\xmlstring.h(116): error C2146: 语法错误: 缺少“;”(在标识符“xmlChar”的前面)
     1>\\vmware-host\shared folders\documents\memrisewordlist\libxml2\include\libxml\xmlstring.h(116): error C4430: 缺少类型说明符 - 假定为 int。注意: C++ 不支持默认 int
     1>\\vmware-host\shared folders\documents\memrisewordlist\libxml2\include\libxml\xmlstring.h(116): error C2086: “int XMLPUBFUN”: 重定义
                 \\vmware-host\shared folders\documents\memrisewordlist\libxml2\include\libxml\xmlstring.h(40) : 参见“XMLPUBFUN”的声明
     1>\\vmware-host\shared folders\documents\memrisewordlist\libxml2\include\libxml\xmlstring.h(117): error C2146: 语法错误: 缺少“;”(在标识符“xmlUTF8Strndup”的前面)
     1>\\vmware-host\shared folders\documents\memrisewordlist\libxml2\include\libxml\xmlstring.h(117): error C2086: “xmlChar *XMLCALL”: 重定义
                 \\vmware-host\shared folders\documents\memrisewordlist\libxml2\include\libxml\xmlstring.h(41) : 参见“XMLCALL”的声明
     1>\\vmware-host\shared folders\documents\memrisewordlist\libxml2\include\libxml\xmlstring.h(118): error C4430: 缺少类型说明符 - 假定为 int。注意: C++ 不支持默认 int
     1>\\vmware-host\shared folders\documents\memrisewordlist\libxml2\include\libxml\xmlstring.h(119): error C2143: 语法错误 : 缺少“;”(在“const”的前面)
     1>\\vmware-host\shared folders\documents\memrisewordlist\libxml2\include\libxml\xmlstring.h(119): error C4430: 缺少类型说明符 - 假定为 int。注意: C++ 不支持默认 int
     1>\\vmware-host\shared folders\documents\memrisewordlist\libxml2\include\libxml\xmlstring.h(119): error C2086: “int XMLPUBFUN”: 重定义
                 \\vmware-host\shared folders\documents\memrisewordlist\libxml2\include\libxml\xmlstring.h(40) : 参见“XMLPUBFUN”的声明
     1>\\vmware-host\shared folders\documents\memrisewordlist\libxml2\include\libxml\xmlstring.h(120): error C2146: 语法错误: 缺少“;”(在标识符“xmlUTF8Strpos”的前面)
     1>\\vmware-host\shared folders\documents\memrisewordlist\libxml2\include\libxml\xmlstring.h(120): error C2373: “XMLCALL”: 重定义；不同的类型修饰符
                 \\vmware-host\shared folders\documents\memrisewordlist\libxml2\include\libxml\xmlstring.h(41) : 参见“XMLCALL”的声明
     1>\\vmware-host\shared folders\documents\memrisewordlist\libxml2\include\libxml\xmlstring.h(121): error C4430: 缺少类型说明符 - 假定为 int。注意: C++ 不支持默认 int
     1>\\vmware-host\shared folders\documents\memrisewordlist\libxml2\include\libxml\xmlstring.h(122): error C2144: 语法错误:“int”的前面应有“;”
     1>\\vmware-host\shared folders\documents\memrisewordlist\libxml2\include\libxml\xmlstring.h(122): error C4430: 缺少类型说明符 - 假定为 int。注意: C++ 不支持默认 int
     1>\\vmware-host\shared folders\documents\memrisewordlist\libxml2\include\libxml\xmlstring.h(122): error C2086: “int XMLPUBFUN”: 重定义
                 \\vmware-host\shared folders\documents\memrisewordlist\libxml2\include\libxml\xmlstring.h(40) : 参见“XMLPUBFUN”的声明
     1>\\vmware-host\shared folders\documents\memrisewordlist\libxml2\include\libxml\xmlstring.h(123): error C2146: 语法错误: 缺少“;”(在标识符“xmlUTF8Strloc”的前面)
     1>\\vmware-host\shared folders\documents\memrisewordlist\libxml2\include\libxml\xmlstring.h(123): fatal error C1003: 错误计数超过 100；正在停止编译
         正在生成代码...
     1>已完成生成项目“\\vmware-host\Shared Folders\Documents\MemriseWordlist\MemriseWordlist\MemriseWordlist.vcxproj”(build 个目标)的操作 - 失败。

生成失败。

已用时间 00:00:02.03
